# JRE version: OpenJDK Runtime Environment (8.0_272-b10) (build 1.8.0_272-b10)
# Java VM: OpenJDK 64-Bit Server VM (25.272-b10 mixed mode bsd-amd64 compressed oops)
Heap:
 PSYoungGen      total 1287168K, used 995168K [0x000000076ab00000, 0x00000007c0000000, 0x00000007c0000000)
  eden space 1189888K, 77% used [0x000000076ab00000,0x00000007a29f9758,0x00000007b3500000)
  from space 97280K, 80% used [0x00000007ba100000,0x00000007beddea90,0x00000007c0000000)
  to   space 103936K, 0% used [0x00000007b3500000,0x00000007b3500000,0x00000007b9a80000)
 ParOldGen       total 591360K, used 354584K [0x00000006c0000000, 0x00000006e4180000, 0x000000076ab00000)
  object space 591360K, 59% used [0x00000006c0000000,0x00000006d5a460e0,0x00000006e4180000)
 Metaspace       used 98630K, capacity 111922K, committed 112000K, reserved 1144832K
  class space    used 14322K, capacity 17528K, committed 17536K, reserved 1048576K
GC Heap History (10 events):
Event: 45.429 GC heap before
{Heap before GC invocations=68 (full 4):
 PSYoungGen      total 1335296K, used 1281918K [0x000000076ab00000, 0x00000007c0000000, 0x00000007c0000000)
  eden space 1276928K, 100% used [0x000000076ab00000,0x00000007b8a00000,0x00000007b8a00000)
  from space 58368K, 8% used [0x00000007b8a00000,0x00000007b8edf830,0x00000007bc300000)
  to   space 62464K, 0% used [0x00000007bc300000,0x00000007bc300000,0x00000007c0000000)
 ParOldGen       total 591360K, used 340253K [0x00000006c0000000, 0x00000006e4180000, 0x000000076ab00000)
  object space 591360K, 57% used [0x00000006c0000000,0x00000006d4c476b0,0x00000006e4180000)
 Metaspace       used 96140K, capacity 108740K, committed 108800K, reserved 1140736K
  class space    used 14065K, capacity 17147K, committed 17152K, reserved 1048576K
Event: 45.478 GC heap after
Heap after GC invocations=68 (full 4):
 PSYoungGen      total 1289216K, used 62454K [0x000000076ab00000, 0x00000007c0000000, 0x00000007c0000000)
  eden space 1226752K, 0% used [0x000000076ab00000,0x000000076ab00000,0x00000007b5900000)
  from space 62464K, 99% used [0x00000007bc300000,0x00000007bfffd890,0x00000007c0000000)
  to   space 85504K, 0% used [0x00000007b5900000,0x00000007b5900000,0x00000007bac80000)
 ParOldGen       total 591360K, used 354272K [0x00000006c0000000, 0x00000006e4180000, 0x000000076ab00000)
  object space 591360K, 59% used [0x00000006c0000000,0x00000006d59f80e0,0x00000006e4180000)
 Metaspace       used 96140K, capacity 108740K, committed 108800K, reserved 1140736K
  class space    used 14065K, capacity 17147K, committed 17152K, reserved 1048576K
}
Event: 55.953 GC heap before
{Heap before GC invocations=69 (full 4):
 PSYoungGen      total 1289216K, used 1289206K [0x000000076ab00000, 0x00000007c0000000, 0x00000007c0000000)
  eden space 1226752K, 100% used [0x000000076ab00000,0x00000007b5900000,0x00000007b5900000)
  from space 62464K, 99% used [0x00000007bc300000,0x00000007bfffd890,0x00000007c0000000)
  to   space 85504K, 0% used [0x00000007b5900000,0x00000007b5900000,0x00000007bac80000)
 ParOldGen       total 591360K, used 354272K [0x00000006c0000000, 0x00000006e4180000, 0x000000076ab00000)
  object space 591360K, 59% used [0x00000006c0000000,0x00000006d59f80e0,0x00000006e4180000)
 Metaspace       used 97588K, capacity 110582K, committed 110848K, reserved 1142784K
  class space    used 14196K, capacity 17330K, committed 17408K, reserved 1048576K
Event: 55.965 GC heap after
Heap after GC invocations=69 (full 4):
 PSYoungGen      total 1291264K, used 64373K [0x000000076ab00000, 0x00000007c0000000, 0x00000007c0000000)
  eden space 1226752K, 0% used [0x000000076ab00000,0x000000076ab00000,0x00000007b5900000)
  from space 64512K, 99% used [0x00000007b5900000,0x00000007b97dd578,0x00000007b9800000)
  to   space 89600K, 0% used [0x00000007ba880000,0x00000007ba880000,0x00000007c0000000)
 ParOldGen       total 591360K, used 354368K [0x00000006c0000000, 0x00000006e4180000, 0x000000076ab00000)
  object space 591360K, 59% used [0x00000006c0000000,0x00000006d5a100e0,0x00000006e4180000)
 Metaspace       used 97588K, capacity 110582K, committed 110848K, reserved 1142784K
  class space    used 14196K, capacity 17330K, committed 17408K, reserved 1048576K
}
Event: 62.211 GC heap before
{Heap before GC invocations=70 (full 4):
 PSYoungGen      total 1291264K, used 1291125K [0x000000076ab00000, 0x00000007c0000000, 0x00000007c0000000)
  eden space 1226752K, 100% used [0x000000076ab00000,0x00000007b5900000,0x00000007b5900000)
  from space 64512K, 99% used [0x00000007b5900000,0x00000007b97dd578,0x00000007b9800000)
  to   space 89600K, 0% used [0x00000007ba880000,0x00000007ba880000,0x00000007c0000000)
 ParOldGen       total 591360K, used 354368K [0x00000006c0000000, 0x00000006e4180000, 0x000000076ab00000)
  object space 591360K, 59% used [0x00000006c0000000,0x00000006d5a100e0,0x00000006e4180000)
 Metaspace       used 98082K, capacity 111222K, committed 111488K, reserved 1142784K
  class space    used 14283K, capacity 17476K, committed 17536K, reserved 1048576K
Event: 62.224 GC heap after
Heap after GC invocations=70 (full 4):
 PSYoungGen      total 1299968K, used 65043K [0x000000076ab00000, 0x00000007c0000000, 0x00000007c0000000)
  eden space 1210368K, 0% used [0x000000076ab00000,0x000000076ab00000,0x00000007b4900000)
  from space 89600K, 72% used [0x00000007ba880000,0x00000007be804dc8,0x00000007c0000000)
  to   space 93696K, 0% used [0x00000007b4900000,0x00000007b4900000,0x00000007ba480000)
 ParOldGen       total 591360K, used 354376K [0x00000006c0000000, 0x00000006e4180000, 0x000000076ab00000)
  object space 591360K, 59% used [0x00000006c0000000,0x00000006d5a120e0,0x00000006e4180000)
 Metaspace       used 98082K, capacity 111222K, committed 111488K, reserved 1142784K
  class space    used 14283K, capacity 17476K, committed 17536K, reserved 1048576K
}
Event: 87.043 GC heap before
{Heap before GC invocations=71 (full 4):
 PSYoungGen      total 1299968K, used 1275411K [0x000000076ab00000, 0x00000007c0000000, 0x00000007c0000000)
  eden space 1210368K, 100% used [0x000000076ab00000,0x00000007b4900000,0x00000007b4900000)
  from space 89600K, 72% used [0x00000007ba880000,0x00000007be804dc8,0x00000007c0000000)
  to   space 93696K, 0% used [0x00000007b4900000,0x00000007b4900000,0x00000007ba480000)
 ParOldGen       total 591360K, used 354376K [0x00000006c0000000, 0x00000006e4180000, 0x000000076ab00000)
  object space 591360K, 59% used [0x00000006c0000000,0x00000006d5a120e0,0x00000006e4180000)
 Metaspace       used 98356K, capacity 111536K, committed 111744K, reserved 1142784K
  class space    used 14309K, capacity 17511K, committed 17536K, reserved 1048576K
Event: 87.062 GC heap after
Heap after GC invocations=71 (full 4):
 PSYoungGen      total 1278976K, used 68218K [0x000000076ab00000, 0x00000007c0000000, 0x00000007c0000000)
  eden space 1210368K, 0% used [0x000000076ab00000,0x000000076ab00000,0x00000007b4900000)
  from space 68608K, 99% used [0x00000007b4900000,0x00000007b8b9ea40,0x00000007b8c00000)
  to   space 97280K, 0% used [0x00000007ba100000,0x00000007ba100000,0x00000007c0000000)
 ParOldGen       total 591360K, used 354384K [0x00000006c0000000, 0x00000006e4180000, 0x000000076ab00000)
  object space 591360K, 59% used [0x00000006c0000000,0x00000006d5a140e0,0x00000006e4180000)
 Metaspace       used 98356K, capacity 111536K, committed 111744K, reserved 1142784K
  class space    used 14309K, capacity 17511K, committed 17536K, reserved 1048576K
}
Event: 132.794 GC heap before
{Heap before GC invocations=72 (full 4):
 PSYoungGen      total 1278976K, used 1278586K [0x000000076ab00000, 0x00000007c0000000, 0x00000007c0000000)
  eden space 1210368K, 100% used [0x000000076ab00000,0x00000007b4900000,0x00000007b4900000)
  from space 68608K, 99% used [0x00000007b4900000,0x00000007b8b9ea40,0x00000007b8c00000)
  to   space 97280K, 0% used [0x00000007ba100000,0x00000007ba100000,0x00000007c0000000)
 ParOldGen       total 591360K, used 354384K [0x00000006c0000000, 0x00000006e4180000, 0x000000076ab00000)
  object space 591360K, 59% used [0x00000006c0000000,0x00000006d5a140e0,0x00000006e4180000)
 Metaspace       used 98455K, capacity 111742K, committed 112000K, reserved 1144832K
  class space    used 14310K, capacity 17514K, committed 17536K, reserved 1048576K
Event: 132.814 GC heap after
Heap after GC invocations=72 (full 4):
 PSYoungGen      total 1287168K, used 78714K [0x000000076ab00000, 0x00000007c0000000, 0x00000007c0000000)
  eden space 1189888K, 0% used [0x000000076ab00000,0x000000076ab00000,0x00000007b3500000)
  from space 97280K, 80% used [0x00000007ba100000,0x00000007beddea90,0x00000007c0000000)
  to   space 103936K, 0% used [0x00000007b3500000,0x00000007b3500000,0x00000007b9a80000)
 ParOldGen       total 591360K, used 354584K [0x00000006c0000000, 0x00000006e4180000, 0x000000076ab00000)
  object space 591360K, 59% used [0x00000006c0000000,0x00000006d5a460e0,0x00000006e4180000)
 Metaspace       used 98455K, capacity 111742K, committed 112000K, reserved 1144832K
  class space    used 14310K, capacity 17514K, committed 17536K, reserved 1048576K
}

